################# LOG OPENED (08/07/2025 16:50:00.452) ###################### 
(08_16:50:00.452) [MSG]: Lib version: Version 2.1 (Nov 28 2024)
(08_16:50:00.452) [MSG]: Device Name: EduMiniPIX TSWB sn: 2987
(08_16:50:00.452) [MSG]: IsEdu: 1
(08_16:50:00.456) [DBG]: CMD 01 (Test) >>>
(08_16:50:00.457) [DBG]: CMD 01 (Test) <<< 
(08_16:50:00.457) [DBG]: CMD 01 (Test) >>>
(08_16:50:00.459) [DBG]: CMD 01 (Test) <<< 
(08_16:50:00.459) [DBG]: CMD 02 (FwInfo) >>>
(08_16:50:00.461) [DBG]: CMD 02 (FwInfo) <<< 
(08_16:50:00.461) [DBG]: Received data:
   4d 69 6e 69 50 69 78 20 76 32 2e 30 20 28 33 31    |MiniPix.v2.0.(31   
   2e 30 35 2e 32 30 31 38 29 20 20 20 20 20          |.05.2018).....     

(08_16:50:00.461) [MSG]: Firmware is: MiniPix v2.0 (31.05.2018)     

(08_16:50:00.461) [DBG]: CMD 12 (GetSysFreq) >>>
(08_16:50:00.463) [DBG]: CMD 12 (GetSysFreq) <<< 
(08_16:50:00.463) [DBG]: Received data:
   1d                                                 |.                  
(08_16:50:00.463) [DBG]: CMD 03 (ResetTpx) >>>
(08_16:50:00.465) [DBG]: CMD 03 (ResetTpx) <<< 
(08_16:50:00.465) [DBG]: CMD 05 (ChipCount) >>>
(08_16:50:00.467) [DBG]: CMD 05 (ChipCount) <<< 
(08_16:50:00.467) [DBG]: Received data:
   01                                                 |.                  
(08_16:50:00.467) [DBG]: CMD 06 (ReadFSR) >>>
(08_16:50:00.467) [DBG]: Sent data:
   00 21                                              |.!                 
(08_16:50:00.469) [DBG]: CMD 06 (ReadFSR) <<< 
(08_16:50:00.469) [DBG]: Received data:
   ff 00 00 00 00 00 a4 5c 90 00 00 00 00 00 00 00    |.......\........   
   00 00 00 00 00 00 00 00 00 00 00 00 00 00 00 00    |................   
   00                                                 |.                  
   Bytes: 33
(08_16:50:00.469) [MSG]: ChipID is: E10-W0314
(08_16:50:00.469) [DBG]: CMD 0E (SetTpxClock) >>>
(08_16:50:00.469) [DBG]: Sent data:
   00 00 03                                           |...                
(08_16:50:00.471) [DBG]: CMD 0E (SetTpxClock) <<< 




(08_16:50:00.475) [DBG]: CMD 0D (SetBias) >>>
(08_16:50:00.475) [DBG]: Sent data:
   ab                                                 |.                  
(08_16:50:00.477) [DBG]: CMD 0D (SetBias) <<< 
(08_16:50:00.477) [MSG]: Debug log enabled: 0

