################# LOG OPENED (08/07/2025 16:51:20.219) ###################### 
(08_16:51:20.219) [MSG]: Lib version: Version 2.1 (Nov 28 2024)
(08_16:51:20.219) [MSG]: Device Name: EduMiniPIX TSWB sn: 2987
(08_16:51:20.219) [MSG]: IsEdu: 1
(08_16:51:20.222) [DBG]: CMD 01 (Test) >>>
(08_16:51:20.223) [DBG]: CMD 01 (Test) <<< 
(08_16:51:20.223) [DBG]: CMD 01 (Test) >>>
(08_16:51:20.225) [DBG]: CMD 01 (Test) <<< 
(08_16:51:20.225) [DBG]: CMD 02 (FwInfo) >>>
(08_16:51:20.228) [DBG]: CMD 02 (FwInfo) <<< 
(08_16:51:20.228) [DBG]: Received data:
   4d 69 6e 69 50 69 78 20 76 32 2e 30 20 28 33 31    |MiniPix.v2.0.(31   
   2e 30 35 2e 32 30 31 38 29 20 20 20 20 20          |.05.2018).....     

(08_16:51:20.228) [MSG]: Firmware is: MiniPix v2.0 (31.05.2018)     

(08_16:51:20.228) [DBG]: CMD 12 (GetSysFreq) >>>
(08_16:51:20.229) [DBG]: CMD 12 (GetSysFreq) <<< 
(08_16:51:20.230) [DBG]: Received data:
   1d                                                 |.                  
(08_16:51:20.230) [DBG]: CMD 03 (ResetTpx) >>>
(08_16:51:20.231) [DBG]: CMD 03 (ResetTpx) <<< 
(08_16:51:20.232) [DBG]: CMD 05 (ChipCount) >>>
(08_16:51:20.233) [DBG]: CMD 05 (ChipCount) <<< 
(08_16:51:20.234) [DBG]: Received data:
   01                                                 |.                  
(08_16:51:20.234) [DBG]: CMD 06 (ReadFSR) >>>
(08_16:51:20.234) [DBG]: Sent data:
   00 21                                              |.!                 
(08_16:51:20.235) [DBG]: CMD 06 (ReadFSR) <<< 
(08_16:51:20.235) [DBG]: Received data:
   ff 00 00 00 00 00 a4 5c 90 00 00 00 00 00 00 00    |.......\........   
   00 00 00 00 00 00 00 00 00 00 00 00 00 00 00 00    |................   
   00                                                 |.                  
   Bytes: 33
(08_16:51:20.236) [MSG]: ChipID is: E10-W0314
(08_16:51:20.236) [DBG]: CMD 0E (SetTpxClock) >>>
(08_16:51:20.236) [DBG]: Sent data:
   00 00 03                                           |...                
(08_16:51:20.237) [DBG]: CMD 0E (SetTpxClock) <<< 




(08_16:51:20.242) [DBG]: CMD 0D (SetBias) >>>
(08_16:51:20.242) [DBG]: Sent data:
   ab                                                 |.                  
(08_16:51:20.243) [DBG]: CMD 0D (SetBias) <<< 
(08_16:51:20.243) [MSG]: Debug log enabled: 0

