################# LOG OPENED (08/07/2025 17:03:43.379) ###################### 
(08_17:03:43.379) [MSG]: Lib version: Version 2.1 (Nov 28 2024)
(08_17:03:43.379) [MSG]: Device Name: EduMiniPIX TSWB sn: 2987
(08_17:03:43.379) [MSG]: IsEdu: 1
(08_17:03:43.383) [DBG]: CMD 01 (Test) >>>
(08_17:03:43.384) [DBG]: CMD 01 (Test) <<< 
(08_17:03:43.384) [DBG]: CMD 01 (Test) >>>
(08_17:03:43.386) [DBG]: CMD 01 (Test) <<< 
(08_17:03:43.386) [DBG]: CMD 02 (FwInfo) >>>
(08_17:03:43.388) [DBG]: CMD 02 (FwInfo) <<< 
(08_17:03:43.388) [DBG]: Received data:
   4d 69 6e 69 50 69 78 20 76 32 2e 30 20 28 33 31    |MiniPix.v2.0.(31   
   2e 30 35 2e 32 30 31 38 29 20 20 20 20 20          |.05.2018).....     

(08_17:03:43.388) [MSG]: Firmware is: MiniPix v2.0 (31.05.2018)     

(08_17:03:43.388) [DBG]: CMD 12 (GetSysFreq) >>>
(08_17:03:43.390) [DBG]: CMD 12 (GetSysFreq) <<< 
(08_17:03:43.390) [DBG]: Received data:
   1d                                                 |.                  
(08_17:03:43.390) [DBG]: CMD 03 (ResetTpx) >>>
(08_17:03:43.392) [DBG]: CMD 03 (ResetTpx) <<< 
(08_17:03:43.392) [DBG]: CMD 05 (ChipCount) >>>
(08_17:03:43.394) [DBG]: CMD 05 (ChipCount) <<< 
(08_17:03:43.394) [DBG]: Received data:
   01                                                 |.                  
(08_17:03:43.394) [DBG]: CMD 06 (ReadFSR) >>>
(08_17:03:43.394) [DBG]: Sent data:
   00 21                                              |.!                 
(08_17:03:43.396) [DBG]: CMD 06 (ReadFSR) <<< 
(08_17:03:43.396) [DBG]: Received data:
   ff 00 00 00 00 00 a4 5c 90 00 00 00 00 00 00 00    |.......\........   
   00 00 00 00 00 00 00 00 00 00 00 00 00 00 00 00    |................   
   00                                                 |.                  
   Bytes: 33
(08_17:03:43.396) [MSG]: ChipID is: E10-W0314
(08_17:03:43.396) [DBG]: CMD 0E (SetTpxClock) >>>
(08_17:03:43.396) [DBG]: Sent data:
   00 00 03                                           |...                
(08_17:03:43.398) [DBG]: CMD 0E (SetTpxClock) <<< 




(08_17:03:43.402) [DBG]: CMD 0D (SetBias) >>>
(08_17:03:43.402) [DBG]: Sent data:
   ab                                                 |.                  
(08_17:03:43.404) [DBG]: CMD 0D (SetBias) <<< 
(08_17:03:43.404) [MSG]: Debug log enabled: 0

