################# LOG OPENED (08/07/2025 17:02:27.764) ###################### 
(08_17:02:27.764) [MSG]: Lib version: Version 2.1 (Nov 28 2024)
(08_17:02:27.764) [MSG]: Device Name: EduMiniPIX TSWB sn: 2987
(08_17:02:27.764) [MSG]: IsEdu: 1
(08_17:02:27.768) [DBG]: CMD 01 (Test) >>>
(08_17:02:27.769) [DBG]: CMD 01 (Test) <<< 
(08_17:02:27.769) [DBG]: CMD 01 (Test) >>>
(08_17:02:27.771) [DBG]: CMD 01 (Test) <<< 
(08_17:02:27.771) [DBG]: CMD 02 (FwInfo) >>>
(08_17:02:27.773) [DBG]: CMD 02 (FwInfo) <<< 
(08_17:02:27.773) [DBG]: Received data:
   4d 69 6e 69 50 69 78 20 76 32 2e 30 20 28 33 31    |MiniPix.v2.0.(31   
   2e 30 35 2e 32 30 31 38 29 20 20 20 20 20          |.05.2018).....     

(08_17:02:27.773) [MSG]: Firmware is: MiniPix v2.0 (31.05.2018)     

(08_17:02:27.773) [DBG]: CMD 12 (GetSysFreq) >>>
(08_17:02:27.775) [DBG]: CMD 12 (GetSysFreq) <<< 
(08_17:02:27.775) [DBG]: Received data:
   1d                                                 |.                  
(08_17:02:27.775) [DBG]: CMD 03 (ResetTpx) >>>
(08_17:02:27.777) [DBG]: CMD 03 (ResetTpx) <<< 
(08_17:02:27.777) [DBG]: CMD 05 (ChipCount) >>>
(08_17:02:27.779) [DBG]: CMD 05 (ChipCount) <<< 
(08_17:02:27.779) [DBG]: Received data:
   01                                                 |.                  
(08_17:02:27.779) [DBG]: CMD 06 (ReadFSR) >>>
(08_17:02:27.779) [DBG]: Sent data:
   00 21                                              |.!                 
(08_17:02:27.781) [DBG]: CMD 06 (ReadFSR) <<< 
(08_17:02:27.781) [DBG]: Received data:
   ff 00 00 00 00 00 a4 5c 90 00 00 00 00 00 00 00    |.......\........   
   00 00 00 00 00 00 00 00 00 00 00 00 00 00 00 00    |................   
   00                                                 |.                  
   Bytes: 33
(08_17:02:27.781) [MSG]: ChipID is: E10-W0314
(08_17:02:27.781) [DBG]: CMD 0E (SetTpxClock) >>>
(08_17:02:27.781) [DBG]: Sent data:
   00 00 03                                           |...                
(08_17:02:27.783) [DBG]: CMD 0E (SetTpxClock) <<< 




(08_17:02:27.787) [DBG]: CMD 0D (SetBias) >>>
(08_17:02:27.787) [DBG]: Sent data:
   ab                                                 |.                  
(08_17:02:27.789) [DBG]: CMD 0D (SetBias) <<< 
(08_17:02:27.789) [MSG]: Debug log enabled: 0

